---------------------------------------------------------------
[ 2020-07-27T16:09:21+08:00 ] 223.214.157.64 GET /index.php
[ info ] appoint.toutiaozhannei.cn/index.php [运行时间：0.041510s][吞吐率：24.09req/s] [内存消耗：4,493.48kb] [文件加载：67]
[ info ] [ LANG ] /www/wwwroot/appoint.toutiaozhannei.cn/web/thinkphp/lang/zh-cn.php
[ info ] [ ROUTE ] array (
  'type' => 'module',
  'module' => 
  array (
    0 => '',
    1 => NULL,
    2 => NULL,
  ),
)
[ info ] [ HEADER ] array (
  'host' => 'appoint.toutiaozhannei.cn',
  'connection' => 'keep-alive',
  'upgrade-insecure-requests' => '1',
  'user-agent' => 'Mozilla/5.0 (Windows NT 10.0; Win64; x64) AppleWebKit/537.36 (KHTML, like Gecko) Chrome/85.0.4181.9 Safari/537.36',
  'accept' => 'text/html,application/xhtml+xml,application/xml;q=0.9,image/webp,image/apng,*/*;q=0.8,application/signed-exchange;v=b3;q=0.9',
  'accept-encoding' => 'gzip, deflate',
  'accept-language' => 'zh-CN,zh;q=0.9',
  'content-type' => '',
  'content-length' => '',
)
[ info ] [ PARAM ] array (
)
[ info ] [ DB ] INIT mysql
[ info ] [ RUN ] app\home\controller\Index->index[ /www/wwwroot/appoint.toutiaozhannei.cn/web/app/home/controller/Index.php ]
[ info ] [ VIEW ] ./views/home/mobile/index/index.phtml [ array (
  0 => 'controller',
  1 => 'action',
  2 => 'site',
  3 => 'member',
  4 => 'categories',
  5 => 'banners',
  6 => 'notices',
  7 => 'withdraws',
  8 => 'today_credit1',
  9 => 'today_credit2',
  10 => 'tasks',
  11 => 'pageCount',
) ]
[ info ] [ LOG ] INIT File
[ sql ] [ DB ] CONNECT:[ UseTime:0.000310s ] mysql:host=localhost;port=3306;dbname=weike;charset=utf8
[ sql ] [ SQL ] SHOW COLUMNS FROM `tb_config` [ RunTime:0.001672s ]
[ sql ] [ SQL ] SELECT * FROM `tb_config` LIMIT 1 [ RunTime:0.000298s ]
[ sql ] [ SQL ] SHOW COLUMNS FROM `tb_task_category` [ RunTime:0.001174s ]
[ sql ] [ SQL ] SELECT * FROM `tb_task_category` ORDER BY order_by desc LIMIT 0,100 [ RunTime:0.000265s ]
[ sql ] [ SQL ] SELECT SUM((give_credit2-fee)/ticket_num) AS credit2,SUM(give_credit1/ticket_num) AS credit1 FROM tb_task WHERE is_complete=0 AND is_display=1 AND check_period*3600+create_time<1595837361 AND start_time<1595837361 AND end_time>1595837361 [ RunTime:0.000301s ]
[ sql ] [ SQL ] SHOW COLUMNS FROM `tb_banner` [ RunTime:0.001213s ]
[ sql ] [ SQL ] SELECT * FROM `tb_banner` WHERE  `is_display` = 1 ORDER BY order_by desc LIMIT 10 [ RunTime:0.000218s ]
[ sql ] [ SQL ] SHOW COLUMNS FROM `tb_notice` [ RunTime:0.001170s ]
[ sql ] [ SQL ] SELECT * FROM `tb_notice` WHERE  `is_display` = 1 ORDER BY order_by desc,id desc LIMIT 10 [ RunTime:0.000307s ]
[ sql ] [ SQL ] SHOW COLUMNS FROM `tb_withdraw` [ RunTime:0.001208s ]
[ sql ] [ SQL ] SELECT * FROM `tb_withdraw` WHERE  `status` = 1 ORDER BY id DESC LIMIT 0,10 [ RunTime:0.000247s ]
[ sql ] [ SQL ] SELECT * FROM tb_task WHERE is_complete=0 AND is_display=1 AND check_period_time<1595837361 AND start_time<1595837361 AND end_time>1595837361 ORDER BY top_end_time DESC, end_time ASC, id DESC LIMIT 0,15 [ RunTime:0.000696s ]
[ sql ] [ SQL ] SELECT COUNT(1) AS num FROM tb_task WHERE is_complete=0 AND is_display=1 AND check_period_time<1595837361 AND start_time<1595837361 AND end_time>1595837361 [ RunTime:0.000206s ]
---------------------------------------------------------------
[ 2020-07-27T16:09:42+08:00 ] 223.214.157.64 GET /
[ info ] appoint.toutiaozhannei.cn/ [运行时间：0.040502s][吞吐率：24.69req/s] [内存消耗：4,493.41kb] [文件加载：67]
[ info ] [ LANG ] /www/wwwroot/appoint.toutiaozhannei.cn/web/thinkphp/lang/zh-cn.php
[ info ] [ ROUTE ] array (
  'type' => 'module',
  'module' => 
  array (
    0 => '',
    1 => NULL,
    2 => NULL,
  ),
)
[ info ] [ HEADER ] array (
  'host' => 'appoint.toutiaozhannei.cn',
  'connection' => 'keep-alive',
  'upgrade-insecure-requests' => '1',
  'user-agent' => 'Mozilla/5.0 (Windows NT 10.0; Win64; x64) AppleWebKit/537.36 (KHTML, like Gecko) Chrome/85.0.4181.9 Safari/537.36',
  'accept' => 'text/html,application/xhtml+xml,application/xml;q=0.9,image/webp,image/apng,*/*;q=0.8,application/signed-exchange;v=b3;q=0.9',
  'accept-encoding' => 'gzip, deflate',
  'accept-language' => 'zh-CN,zh;q=0.9',
  'content-type' => '',
  'content-length' => '',
)
[ info ] [ PARAM ] array (
)
[ info ] [ DB ] INIT mysql
[ info ] [ RUN ] app\home\controller\Index->index[ /www/wwwroot/appoint.toutiaozhannei.cn/web/app/home/controller/Index.php ]
[ info ] [ VIEW ] ./views/home/mobile/index/index.phtml [ array (
  0 => 'controller',
  1 => 'action',
  2 => 'site',
  3 => 'member',
  4 => 'categories',
  5 => 'banners',
  6 => 'notices',
  7 => 'withdraws',
  8 => 'today_credit1',
  9 => 'today_credit2',
  10 => 'tasks',
  11 => 'pageCount',
) ]
[ info ] [ LOG ] INIT File
[ sql ] [ DB ] CONNECT:[ UseTime:0.000299s ] mysql:host=localhost;port=3306;dbname=weike;charset=utf8
[ sql ] [ SQL ] SHOW COLUMNS FROM `tb_config` [ RunTime:0.001557s ]
[ sql ] [ SQL ] SELECT * FROM `tb_config` LIMIT 1 [ RunTime:0.000269s ]
[ sql ] [ SQL ] SHOW COLUMNS FROM `tb_task_category` [ RunTime:0.001246s ]
[ sql ] [ SQL ] SELECT * FROM `tb_task_category` ORDER BY order_by desc LIMIT 0,100 [ RunTime:0.000280s ]
[ sql ] [ SQL ] SELECT SUM((give_credit2-fee)/ticket_num) AS credit2,SUM(give_credit1/ticket_num) AS credit1 FROM tb_task WHERE is_complete=0 AND is_display=1 AND check_period*3600+create_time<1595837382 AND start_time<1595837382 AND end_time>1595837382 [ RunTime:0.000871s ]
[ sql ] [ SQL ] SHOW COLUMNS FROM `tb_banner` [ RunTime:0.001194s ]
[ sql ] [ SQL ] SELECT * FROM `tb_banner` WHERE  `is_display` = 1 ORDER BY order_by desc LIMIT 10 [ RunTime:0.000211s ]
[ sql ] [ SQL ] SHOW COLUMNS FROM `tb_notice` [ RunTime:0.001151s ]
[ sql ] [ SQL ] SELECT * FROM `tb_notice` WHERE  `is_display` = 1 ORDER BY order_by desc,id desc LIMIT 10 [ RunTime:0.000236s ]
[ sql ] [ SQL ] SHOW COLUMNS FROM `tb_withdraw` [ RunTime:0.001193s ]
[ sql ] [ SQL ] SELECT * FROM `tb_withdraw` WHERE  `status` = 1 ORDER BY id DESC LIMIT 0,10 [ RunTime:0.000271s ]
[ sql ] [ SQL ] SELECT * FROM tb_task WHERE is_complete=0 AND is_display=1 AND check_period_time<1595837382 AND start_time<1595837382 AND end_time>1595837382 ORDER BY top_end_time DESC, end_time ASC, id DESC LIMIT 0,15 [ RunTime:0.000353s ]
[ sql ] [ SQL ] SELECT COUNT(1) AS num FROM tb_task WHERE is_complete=0 AND is_display=1 AND check_period_time<1595837382 AND start_time<1595837382 AND end_time>1595837382 [ RunTime:0.000218s ]
---------------------------------------------------------------
[ 2020-07-27T17:38:54+08:00 ] 47.101.59.94 GET /
[ info ] appoint.toutiaozhannei.cn/ [运行时间：0.041299s][吞吐率：24.21req/s] [内存消耗：4,492.44kb] [文件加载：67]
[ info ] [ LANG ] /www/wwwroot/appoint.toutiaozhannei.cn/web/thinkphp/lang/zh-cn.php
[ info ] [ ROUTE ] array (
  'type' => 'module',
  'module' => 
  array (
    0 => '',
    1 => NULL,
    2 => NULL,
  ),
)
[ info ] [ HEADER ] array (
  'user-agent' => 'Mozilla/5.0 chrome(windows nt/Windows NT;)Chrome',
  'host' => 'appoint.toutiaozhannei.cn',
  'connection' => 'Keep-Alive',
  'accept-encoding' => 'gzip',
  'content-type' => '',
  'content-length' => '',
)
[ info ] [ PARAM ] array (
)
[ info ] [ DB ] INIT mysql
[ info ] [ RUN ] app\home\controller\Index->index[ /www/wwwroot/appoint.toutiaozhannei.cn/web/app/home/controller/Index.php ]
[ info ] [ VIEW ] ./views/home/mobile/index/index.phtml [ array (
  0 => 'controller',
  1 => 'action',
  2 => 'site',
  3 => 'member',
  4 => 'categories',
  5 => 'banners',
  6 => 'notices',
  7 => 'withdraws',
  8 => 'today_credit1',
  9 => 'today_credit2',
  10 => 'tasks',
  11 => 'pageCount',
) ]
[ info ] [ LOG ] INIT File
[ sql ] [ DB ] CONNECT:[ UseTime:0.000491s ] mysql:host=localhost;port=3306;dbname=weike;charset=utf8
[ sql ] [ SQL ] SHOW COLUMNS FROM `tb_config` [ RunTime:0.001540s ]
[ sql ] [ SQL ] SELECT * FROM `tb_config` LIMIT 1 [ RunTime:0.000300s ]
[ sql ] [ SQL ] SHOW COLUMNS FROM `tb_task_category` [ RunTime:0.001328s ]
[ sql ] [ SQL ] SELECT * FROM `tb_task_category` ORDER BY order_by desc LIMIT 0,100 [ RunTime:0.000263s ]
[ sql ] [ SQL ] SELECT SUM((give_credit2-fee)/ticket_num) AS credit2,SUM(give_credit1/ticket_num) AS credit1 FROM tb_task WHERE is_complete=0 AND is_display=1 AND check_period*3600+create_time<1595842734 AND start_time<1595842734 AND end_time>1595842734 [ RunTime:0.000308s ]
[ sql ] [ SQL ] SHOW COLUMNS FROM `tb_banner` [ RunTime:0.001297s ]
[ sql ] [ SQL ] SELECT * FROM `tb_banner` WHERE  `is_display` = 1 ORDER BY order_by desc LIMIT 10 [ RunTime:0.000229s ]
[ sql ] [ SQL ] SHOW COLUMNS FROM `tb_notice` [ RunTime:0.001199s ]
[ sql ] [ SQL ] SELECT * FROM `tb_notice` WHERE  `is_display` = 1 ORDER BY order_by desc,id desc LIMIT 10 [ RunTime:0.001335s ]
[ sql ] [ SQL ] SHOW COLUMNS FROM `tb_withdraw` [ RunTime:0.001261s ]
[ sql ] [ SQL ] SELECT * FROM `tb_withdraw` WHERE  `status` = 1 ORDER BY id DESC LIMIT 0,10 [ RunTime:0.000281s ]
[ sql ] [ SQL ] SELECT * FROM tb_task WHERE is_complete=0 AND is_display=1 AND check_period_time<1595842734 AND start_time<1595842734 AND end_time>1595842734 ORDER BY top_end_time DESC, end_time ASC, id DESC LIMIT 0,15 [ RunTime:0.000423s ]
[ sql ] [ SQL ] SELECT COUNT(1) AS num FROM tb_task WHERE is_complete=0 AND is_display=1 AND check_period_time<1595842734 AND start_time<1595842734 AND end_time>1595842734 [ RunTime:0.000207s ]
