---------------------------------------------------------------
[ 2020-07-28T00:09:42+08:00 ] 223.214.157.172 GET /index.php
[ info ] appoint.toutiaozhannei.cn/index.php [运行时间：0.041606s][吞吐率：24.04req/s] [内存消耗：4,493.48kb] [文件加载：67]
[ info ] [ LANG ] /www/wwwroot/appoint.toutiaozhannei.cn/web/thinkphp/lang/zh-cn.php
[ info ] [ ROUTE ] array (
  'type' => 'module',
  'module' => 
  array (
    0 => '',
    1 => NULL,
    2 => NULL,
  ),
)
[ info ] [ HEADER ] array (
  'host' => 'appoint.toutiaozhannei.cn',
  'connection' => 'keep-alive',
  'upgrade-insecure-requests' => '1',
  'user-agent' => 'Mozilla/5.0 (Windows NT 10.0; Win64; x64) AppleWebKit/537.36 (KHTML, like Gecko) Chrome/85.0.4181.9 Safari/537.36',
  'accept' => 'text/html,application/xhtml+xml,application/xml;q=0.9,image/webp,image/apng,*/*;q=0.8,application/signed-exchange;v=b3;q=0.9',
  'accept-encoding' => 'gzip, deflate',
  'accept-language' => 'zh-CN,zh;q=0.9',
  'content-type' => '',
  'content-length' => '',
)
[ info ] [ PARAM ] array (
)
[ info ] [ DB ] INIT mysql
[ info ] [ RUN ] app\home\controller\Index->index[ /www/wwwroot/appoint.toutiaozhannei.cn/web/app/home/controller/Index.php ]
[ info ] [ VIEW ] ./views/home/mobile/index/index.phtml [ array (
  0 => 'controller',
  1 => 'action',
  2 => 'site',
  3 => 'member',
  4 => 'categories',
  5 => 'banners',
  6 => 'notices',
  7 => 'withdraws',
  8 => 'today_credit1',
  9 => 'today_credit2',
  10 => 'tasks',
  11 => 'pageCount',
) ]
[ info ] [ LOG ] INIT File
[ sql ] [ DB ] CONNECT:[ UseTime:0.000283s ] mysql:host=localhost;port=3306;dbname=weike;charset=utf8
[ sql ] [ SQL ] SHOW COLUMNS FROM `tb_config` [ RunTime:0.001533s ]
[ sql ] [ SQL ] SELECT * FROM `tb_config` LIMIT 1 [ RunTime:0.000271s ]
[ sql ] [ SQL ] SHOW COLUMNS FROM `tb_task_category` [ RunTime:0.001245s ]
[ sql ] [ SQL ] SELECT * FROM `tb_task_category` ORDER BY order_by desc LIMIT 0,100 [ RunTime:0.000273s ]
[ sql ] [ SQL ] SELECT SUM((give_credit2-fee)/ticket_num) AS credit2,SUM(give_credit1/ticket_num) AS credit1 FROM tb_task WHERE is_complete=0 AND is_display=1 AND check_period*3600+create_time<1595866182 AND start_time<1595866182 AND end_time>1595866182 [ RunTime:0.000322s ]
[ sql ] [ SQL ] SHOW COLUMNS FROM `tb_banner` [ RunTime:0.002249s ]
[ sql ] [ SQL ] SELECT * FROM `tb_banner` WHERE  `is_display` = 1 ORDER BY order_by desc LIMIT 10 [ RunTime:0.000262s ]
[ sql ] [ SQL ] SHOW COLUMNS FROM `tb_notice` [ RunTime:0.001208s ]
[ sql ] [ SQL ] SELECT * FROM `tb_notice` WHERE  `is_display` = 1 ORDER BY order_by desc,id desc LIMIT 10 [ RunTime:0.000275s ]
[ sql ] [ SQL ] SHOW COLUMNS FROM `tb_withdraw` [ RunTime:0.001207s ]
[ sql ] [ SQL ] SELECT * FROM `tb_withdraw` WHERE  `status` = 1 ORDER BY id DESC LIMIT 0,10 [ RunTime:0.000251s ]
[ sql ] [ SQL ] SELECT * FROM tb_task WHERE is_complete=0 AND is_display=1 AND check_period_time<1595866182 AND start_time<1595866182 AND end_time>1595866182 ORDER BY top_end_time DESC, end_time ASC, id DESC LIMIT 0,15 [ RunTime:0.000339s ]
[ sql ] [ SQL ] SELECT COUNT(1) AS num FROM tb_task WHERE is_complete=0 AND is_display=1 AND check_period_time<1595866182 AND start_time<1595866182 AND end_time>1595866182 [ RunTime:0.000229s ]
---------------------------------------------------------------
[ 2020-07-28T07:05:59+08:00 ] 171.44.120.13 GET /index.php
[ info ] appoint.toutiaozhannei.cn/index.php [运行时间：0.041017s][吞吐率：24.38req/s] [内存消耗：4,494.19kb] [文件加载：67]
[ info ] [ LANG ] /www/wwwroot/appoint.toutiaozhannei.cn/web/thinkphp/lang/zh-cn.php
[ info ] [ ROUTE ] array (
  'type' => 'module',
  'module' => 
  array (
    0 => '',
    1 => NULL,
    2 => NULL,
  ),
)
[ info ] [ HEADER ] array (
  'host' => 'appoint.toutiaozhannei.cn',
  'connection' => 'keep-alive',
  'upgrade-insecure-requests' => '1',
  'user-agent' => 'Mozilla/5.0 (Linux; Android 10; V1963A Build/QP1A.190711.020; wv) AppleWebKit/537.36 (KHTML, like Gecko) Version/4.0 Chrome/78.0.3904.62 XWEB/2571 MMWEBSDK/200601 Mobile Safari/537.36 MMWEBID/3283 MicroMessenger/7.0.16.1700(0x2700103F) Process/tools WeChat/arm64 NetType/WIFI Language/zh_CN ABI/arm64',
  'accept' => 'text/html,application/xhtml+xml,application/xml;q=0.9,image/webp,image/wxpic,image/tpg,image/apng,*/*;q=0.8,application/signed-exchange;v=b3',
  'x-requested-with' => 'com.tencent.mm',
  'accept-encoding' => 'gzip, deflate',
  'accept-language' => 'zh-CN,zh;q=0.9,en-US;q=0.8,en;q=0.7',
  'content-type' => '',
  'content-length' => '',
)
[ info ] [ PARAM ] array (
)
[ info ] [ DB ] INIT mysql
[ info ] [ RUN ] app\home\controller\Index->index[ /www/wwwroot/appoint.toutiaozhannei.cn/web/app/home/controller/Index.php ]
[ info ] [ VIEW ] ./views/home/mobile/index/index.phtml [ array (
  0 => 'controller',
  1 => 'action',
  2 => 'site',
  3 => 'member',
  4 => 'categories',
  5 => 'banners',
  6 => 'notices',
  7 => 'withdraws',
  8 => 'today_credit1',
  9 => 'today_credit2',
  10 => 'tasks',
  11 => 'pageCount',
) ]
[ info ] [ LOG ] INIT File
[ sql ] [ DB ] CONNECT:[ UseTime:0.000311s ] mysql:host=localhost;port=3306;dbname=weike;charset=utf8
[ sql ] [ SQL ] SHOW COLUMNS FROM `tb_config` [ RunTime:0.001564s ]
[ sql ] [ SQL ] SELECT * FROM `tb_config` LIMIT 1 [ RunTime:0.000271s ]
[ sql ] [ SQL ] SHOW COLUMNS FROM `tb_task_category` [ RunTime:0.001264s ]
[ sql ] [ SQL ] SELECT * FROM `tb_task_category` ORDER BY order_by desc LIMIT 0,100 [ RunTime:0.000314s ]
[ sql ] [ SQL ] SELECT SUM((give_credit2-fee)/ticket_num) AS credit2,SUM(give_credit1/ticket_num) AS credit1 FROM tb_task WHERE is_complete=0 AND is_display=1 AND check_period*3600+create_time<1595891159 AND start_time<1595891159 AND end_time>1595891159 [ RunTime:0.001246s ]
[ sql ] [ SQL ] SHOW COLUMNS FROM `tb_banner` [ RunTime:0.001205s ]
[ sql ] [ SQL ] SELECT * FROM `tb_banner` WHERE  `is_display` = 1 ORDER BY order_by desc LIMIT 10 [ RunTime:0.000234s ]
[ sql ] [ SQL ] SHOW COLUMNS FROM `tb_notice` [ RunTime:0.001160s ]
[ sql ] [ SQL ] SELECT * FROM `tb_notice` WHERE  `is_display` = 1 ORDER BY order_by desc,id desc LIMIT 10 [ RunTime:0.000263s ]
[ sql ] [ SQL ] SHOW COLUMNS FROM `tb_withdraw` [ RunTime:0.001208s ]
[ sql ] [ SQL ] SELECT * FROM `tb_withdraw` WHERE  `status` = 1 ORDER BY id DESC LIMIT 0,10 [ RunTime:0.000258s ]
[ sql ] [ SQL ] SELECT * FROM tb_task WHERE is_complete=0 AND is_display=1 AND check_period_time<1595891159 AND start_time<1595891159 AND end_time>1595891159 ORDER BY top_end_time DESC, end_time ASC, id DESC LIMIT 0,15 [ RunTime:0.000361s ]
[ sql ] [ SQL ] SELECT COUNT(1) AS num FROM tb_task WHERE is_complete=0 AND is_display=1 AND check_period_time<1595891159 AND start_time<1595891159 AND end_time>1595891159 [ RunTime:0.000234s ]
---------------------------------------------------------------
[ 2020-07-28T07:06:59+08:00 ] 101.91.60.108 GET /index.php
[ info ] appoint.toutiaozhannei.cn/index.php [运行时间：0.041284s][吞吐率：24.22req/s] [内存消耗：4,492.99kb] [文件加载：67]
[ info ] [ LANG ] /www/wwwroot/appoint.toutiaozhannei.cn/web/thinkphp/lang/zh-cn.php
[ info ] [ ROUTE ] array (
  'type' => 'module',
  'module' => 
  array (
    0 => '',
    1 => NULL,
    2 => NULL,
  ),
)
[ info ] [ HEADER ] array (
  'user-agent' => 'Mozilla/5.0 (iPhone; CPU iPhone OS 10_2_1 like Mac OS X) AppleWebKit/602.4.6 (KHTML, like Gecko) Mobile/14D27 MicroMessenger/6.5.5 NetType/WIFI Language/en',
  'accept' => '*/*',
  'accept-language' => 'zh-CN,zh;q=0.8,en-US;q=0.6,en;q=0.4',
  'host' => 'appoint.toutiaozhannei.cn',
  'connection' => 'keep-alive',
  'content-type' => '',
  'content-length' => '',
)
[ info ] [ PARAM ] array (
)
[ info ] [ DB ] INIT mysql
[ info ] [ RUN ] app\home\controller\Index->index[ /www/wwwroot/appoint.toutiaozhannei.cn/web/app/home/controller/Index.php ]
[ info ] [ VIEW ] ./views/home/mobile/index/index.phtml [ array (
  0 => 'controller',
  1 => 'action',
  2 => 'site',
  3 => 'member',
  4 => 'categories',
  5 => 'banners',
  6 => 'notices',
  7 => 'withdraws',
  8 => 'today_credit1',
  9 => 'today_credit2',
  10 => 'tasks',
  11 => 'pageCount',
) ]
[ info ] [ LOG ] INIT File
[ sql ] [ DB ] CONNECT:[ UseTime:0.000292s ] mysql:host=localhost;port=3306;dbname=weike;charset=utf8
[ sql ] [ SQL ] SHOW COLUMNS FROM `tb_config` [ RunTime:0.001545s ]
[ sql ] [ SQL ] SELECT * FROM `tb_config` LIMIT 1 [ RunTime:0.000258s ]
[ sql ] [ SQL ] SHOW COLUMNS FROM `tb_task_category` [ RunTime:0.001270s ]
[ sql ] [ SQL ] SELECT * FROM `tb_task_category` ORDER BY order_by desc LIMIT 0,100 [ RunTime:0.000359s ]
[ sql ] [ SQL ] SELECT SUM((give_credit2-fee)/ticket_num) AS credit2,SUM(give_credit1/ticket_num) AS credit1 FROM tb_task WHERE is_complete=0 AND is_display=1 AND check_period*3600+create_time<1595891219 AND start_time<1595891219 AND end_time>1595891219 [ RunTime:0.001185s ]
[ sql ] [ SQL ] SHOW COLUMNS FROM `tb_banner` [ RunTime:0.001199s ]
[ sql ] [ SQL ] SELECT * FROM `tb_banner` WHERE  `is_display` = 1 ORDER BY order_by desc LIMIT 10 [ RunTime:0.000231s ]
[ sql ] [ SQL ] SHOW COLUMNS FROM `tb_notice` [ RunTime:0.001165s ]
[ sql ] [ SQL ] SELECT * FROM `tb_notice` WHERE  `is_display` = 1 ORDER BY order_by desc,id desc LIMIT 10 [ RunTime:0.000252s ]
[ sql ] [ SQL ] SHOW COLUMNS FROM `tb_withdraw` [ RunTime:0.001212s ]
[ sql ] [ SQL ] SELECT * FROM `tb_withdraw` WHERE  `status` = 1 ORDER BY id DESC LIMIT 0,10 [ RunTime:0.000251s ]
[ sql ] [ SQL ] SELECT * FROM tb_task WHERE is_complete=0 AND is_display=1 AND check_period_time<1595891219 AND start_time<1595891219 AND end_time>1595891219 ORDER BY top_end_time DESC, end_time ASC, id DESC LIMIT 0,15 [ RunTime:0.000339s ]
[ sql ] [ SQL ] SELECT COUNT(1) AS num FROM tb_task WHERE is_complete=0 AND is_display=1 AND check_period_time<1595891219 AND start_time<1595891219 AND end_time>1595891219 [ RunTime:0.000240s ]
---------------------------------------------------------------
[ 2020-07-28T21:36:25+08:00 ] 47.110.180.51 GET /
[ info ] appoint.toutiaozhannei.cn/ [运行时间：0.059853s][吞吐率：16.71req/s] [内存消耗：4,492.78kb] [文件加载：67]
[ info ] [ LANG ] /www/wwwroot/appoint.toutiaozhannei.cn/web/thinkphp/lang/zh-cn.php
[ info ] [ ROUTE ] array (
  'type' => 'module',
  'module' => 
  array (
    0 => '',
    1 => NULL,
    2 => NULL,
  ),
)
[ info ] [ HEADER ] array (
  'host' => 'appoint.toutiaozhannei.cn',
  'user-agent' => 'Mozilla/5.0 (Windows NT 10.0; Win64; x64) AppleWebKit/537.36 (KHTML, like Gecko) Chrome/66.6.2333.33 Safari/537.36 AliyunTaiShiGanZhi https://www.aliyun.com/product/sas',
  'accept-encoding' => 'gzip, deflate',
  'accept' => '*/*',
  'connection' => 'keep-alive',
  'accept-language' => 'zh-CN,zh;q=0.8',
  'content-type' => '',
  'content-length' => '',
)
[ info ] [ PARAM ] array (
)
[ info ] [ DB ] INIT mysql
[ info ] [ RUN ] app\home\controller\Index->index[ /www/wwwroot/appoint.toutiaozhannei.cn/web/app/home/controller/Index.php ]
[ info ] [ VIEW ] ./views/home/mobile/index/index.phtml [ array (
  0 => 'controller',
  1 => 'action',
  2 => 'site',
  3 => 'member',
  4 => 'categories',
  5 => 'banners',
  6 => 'notices',
  7 => 'withdraws',
  8 => 'today_credit1',
  9 => 'today_credit2',
  10 => 'tasks',
  11 => 'pageCount',
) ]
[ info ] [ LOG ] INIT File
[ sql ] [ DB ] CONNECT:[ UseTime:0.000284s ] mysql:host=localhost;port=3306;dbname=weike;charset=utf8
[ sql ] [ SQL ] SHOW COLUMNS FROM `tb_config` [ RunTime:0.001799s ]
[ sql ] [ SQL ] SELECT * FROM `tb_config` LIMIT 1 [ RunTime:0.000437s ]
[ sql ] [ SQL ] SHOW COLUMNS FROM `tb_task_category` [ RunTime:0.001401s ]
[ sql ] [ SQL ] SELECT * FROM `tb_task_category` ORDER BY order_by desc LIMIT 0,100 [ RunTime:0.000252s ]
[ sql ] [ SQL ] SELECT SUM((give_credit2-fee)/ticket_num) AS credit2,SUM(give_credit1/ticket_num) AS credit1 FROM tb_task WHERE is_complete=0 AND is_display=1 AND check_period*3600+create_time<1595943385 AND start_time<1595943385 AND end_time>1595943385 [ RunTime:0.000334s ]
[ sql ] [ SQL ] SHOW COLUMNS FROM `tb_banner` [ RunTime:0.001329s ]
[ sql ] [ SQL ] SELECT * FROM `tb_banner` WHERE  `is_display` = 1 ORDER BY order_by desc LIMIT 10 [ RunTime:0.001121s ]
[ sql ] [ SQL ] SHOW COLUMNS FROM `tb_notice` [ RunTime:0.001158s ]
[ sql ] [ SQL ] SELECT * FROM `tb_notice` WHERE  `is_display` = 1 ORDER BY order_by desc,id desc LIMIT 10 [ RunTime:0.000331s ]
[ sql ] [ SQL ] SHOW COLUMNS FROM `tb_withdraw` [ RunTime:0.001182s ]
[ sql ] [ SQL ] SELECT * FROM `tb_withdraw` WHERE  `status` = 1 ORDER BY id DESC LIMIT 0,10 [ RunTime:0.000247s ]
[ sql ] [ SQL ] SELECT * FROM tb_task WHERE is_complete=0 AND is_display=1 AND check_period_time<1595943385 AND start_time<1595943385 AND end_time>1595943385 ORDER BY top_end_time DESC, end_time ASC, id DESC LIMIT 0,15 [ RunTime:0.000336s ]
[ sql ] [ SQL ] SELECT COUNT(1) AS num FROM tb_task WHERE is_complete=0 AND is_display=1 AND check_period_time<1595943385 AND start_time<1595943385 AND end_time>1595943385 [ RunTime:0.000261s ]
